<?xml version="1.0" encoding="UTF-8"?>
<!-- Generated by org.testng.reporters.JUnitXMLReporter -->
<testsuite hostname="LAPTOP-DUISMC2A" ignored="0" name="TallyPay API Gateway Automation Suite" tests="6" failures="0" timestamp="07 Feb 2022 15:11:58 GMT" time="13.755" errors="0">
  <testcase name="testSignUpPage" time="2.307" classname="com.example.restassuredproject.testClasses.TestClassForSignUp"/>
  <testcase name="getOTPForSignUpTest" time="0.095" classname="com.example.restassuredproject.testClasses.TestCaseForGetOTPForSignUp"/>
  <testcase name="testOTPValidation" time="0.117" classname="com.example.restassuredproject.testClasses.TestCaseForOTPValidation"/>
  <testcase name="testCreateWallet" time="0.755" classname="com.example.restassuredproject.testClasses.TestClassForCreateWallet"/>
  <testcase name="testNIDClear" time="0.081" classname="com.example.restassuredproject.testClasses.TestCaseForNIDClear"/>
  <testcase name="testNIDFrontUplodad" time="10.376" classname="com.example.restassuredproject.testClasses.TestCaseForNIDFrontUpload"/>
</testsuite> <!-- TallyPay API Gateway Automation Suite -->
